LINK : warning LNK4098: domyślna biblioteka „MSVCRT” powoduje konflikt z innymi bibliotekami; użyj opcji /NODEFAULTLIB:biblioteka
main_file.obj : error LNK2001: nierozpoznany symbol zewnętrzny __imp___glewEnableVertexAttribArray
main_file.obj : error LNK2001: nierozpoznany symbol zewnętrzny __imp___glewVertexAttribPointer
main_file.obj : error LNK2001: nierozpoznany symbol zewnętrzny __imp___glewUniform1i
main_file.obj : error LNK2001: nierozpoznany symbol zewnętrzny __imp_glewGetErrorString
main_file.obj : error LNK2001: nierozpoznany symbol zewnętrzny __imp___glewActiveTexture
main_file.obj : error LNK2001: nierozpoznany symbol zewnętrzny __imp___glewDisableVertexAttribArray
main_file.obj : error LNK2001: nierozpoznany symbol zewnętrzny __imp___glewUniformMatrix4fv
main_file.obj : error LNK2001: nierozpoznany symbol zewnętrzny __imp_glewInit
shaderprogram.obj : error LNK2001: nierozpoznany symbol zewnętrzny __imp___glewUseProgram
shaderprogram.obj : error LNK2001: nierozpoznany symbol zewnętrzny __imp___glewGetShaderiv
shaderprogram.obj : error LNK2001: nierozpoznany symbol zewnętrzny __imp___glewCompileShader
shaderprogram.obj : error LNK2001: nierozpoznany symbol zewnętrzny __imp___glewGetAttribLocation
shaderprogram.obj : error LNK2001: nierozpoznany symbol zewnętrzny __imp___glewCreateShader
shaderprogram.obj : error LNK2001: nierozpoznany symbol zewnętrzny __imp___glewCreateProgram
shaderprogram.obj : error LNK2001: nierozpoznany symbol zewnętrzny __imp___glewGetShaderInfoLog
shaderprogram.obj : error LNK2001: nierozpoznany symbol zewnętrzny __imp___glewGetProgramiv
shaderprogram.obj : error LNK2001: nierozpoznany symbol zewnętrzny __imp___glewGetUniformLocation
shaderprogram.obj : error LNK2001: nierozpoznany symbol zewnętrzny __imp___glewAttachShader
shaderprogram.obj : error LNK2001: nierozpoznany symbol zewnętrzny __imp___glewDeleteProgram
shaderprogram.obj : error LNK2001: nierozpoznany symbol zewnętrzny __imp___glewShaderSource
shaderprogram.obj : error LNK2001: nierozpoznany symbol zewnętrzny __imp___glewDetachShader
shaderprogram.obj : error LNK2001: nierozpoznany symbol zewnętrzny __imp___glewGetProgramInfoLog
shaderprogram.obj : error LNK2001: nierozpoznany symbol zewnętrzny __imp___glewDeleteShader
shaderprogram.obj : error LNK2001: nierozpoznany symbol zewnętrzny __imp___glewLinkProgram
C:\Users\jakub\Documents\GitHub\CG-V-3D-Mechanical-Clock\x64\Release\Mechanical Clock.exe : fatal error LNK1120: liczba nierozpoznanych elementów zewnętrznych: 24
