  main_file.cpp
C:\Users\barte_4a6xoqp\Desktop\Studia\Aktualny semestr\Grafika projekt\Mechanical clock\MechanicalClockRepo1\CG-V-3D-Mechanical-Clock\main_file.cpp(162,21): warning C4018: "<": niezgodność typu ze znakiem/bez znaku
C:\Users\barte_4a6xoqp\Desktop\Studia\Aktualny semestr\Grafika projekt\Mechanical clock\MechanicalClockRepo1\CG-V-3D-Mechanical-Clock\main_file.cpp(194,19): warning C4244: "inicjowanie": konwersja z "double" do "float", możliwa utrata danych
C:\Users\barte_4a6xoqp\Desktop\Studia\Aktualny semestr\Grafika projekt\Mechanical clock\MechanicalClockRepo1\CG-V-3D-Mechanical-Clock\main_file.cpp(195,16): warning C4244: "inicjowanie": konwersja z "double" do "float", możliwa utrata danych
C:\Users\barte_4a6xoqp\Desktop\Studia\Aktualny semestr\Grafika projekt\Mechanical clock\MechanicalClockRepo1\CG-V-3D-Mechanical-Clock\main_file.cpp(198,15): warning C4244: "inicjowanie": konwersja z "double" do "float", możliwa utrata danych
C:\Users\barte_4a6xoqp\Desktop\Studia\Aktualny semestr\Grafika projekt\Mechanical clock\MechanicalClockRepo1\CG-V-3D-Mechanical-Clock\main_file.cpp(199,15): warning C4244: "inicjowanie": konwersja z "double" do "float", możliwa utrata danych
C:\Users\barte_4a6xoqp\Desktop\Studia\Aktualny semestr\Grafika projekt\Mechanical clock\MechanicalClockRepo1\CG-V-3D-Mechanical-Clock\main_file.cpp(203,15): warning C4244: "inicjowanie": konwersja z "double" do "float", możliwa utrata danych
C:\Users\barte_4a6xoqp\Desktop\Studia\Aktualny semestr\Grafika projekt\Mechanical clock\MechanicalClockRepo1\CG-V-3D-Mechanical-Clock\main_file.cpp(204,15): warning C4244: "inicjowanie": konwersja z "double" do "float", możliwa utrata danych
C:\Users\barte_4a6xoqp\Desktop\Studia\Aktualny semestr\Grafika projekt\Mechanical clock\MechanicalClockRepo1\CG-V-3D-Mechanical-Clock\main_file.cpp(208,15): warning C4244: "inicjowanie": konwersja z "double" do "float", możliwa utrata danych
C:\Users\barte_4a6xoqp\Desktop\Studia\Aktualny semestr\Grafika projekt\Mechanical clock\MechanicalClockRepo1\CG-V-3D-Mechanical-Clock\main_file.cpp(209,15): warning C4244: "inicjowanie": konwersja z "double" do "float", możliwa utrata danych
C:\Users\barte_4a6xoqp\Desktop\Studia\Aktualny semestr\Grafika projekt\Mechanical clock\MechanicalClockRepo1\CG-V-3D-Mechanical-Clock\main_file.cpp(213,15): warning C4244: "inicjowanie": konwersja z "double" do "float", możliwa utrata danych
C:\Users\barte_4a6xoqp\Desktop\Studia\Aktualny semestr\Grafika projekt\Mechanical clock\MechanicalClockRepo1\CG-V-3D-Mechanical-Clock\main_file.cpp(214,15): warning C4244: "inicjowanie": konwersja z "double" do "float", możliwa utrata danych
C:\Users\barte_4a6xoqp\Desktop\Studia\Aktualny semestr\Grafika projekt\Mechanical clock\MechanicalClockRepo1\CG-V-3D-Mechanical-Clock\main_file.cpp(218,15): warning C4244: "inicjowanie": konwersja z "double" do "float", możliwa utrata danych
C:\Users\barte_4a6xoqp\Desktop\Studia\Aktualny semestr\Grafika projekt\Mechanical clock\MechanicalClockRepo1\CG-V-3D-Mechanical-Clock\main_file.cpp(219,15): warning C4244: "inicjowanie": konwersja z "double" do "float", możliwa utrata danych
C:\Users\barte_4a6xoqp\Desktop\Studia\Aktualny semestr\Grafika projekt\Mechanical clock\MechanicalClockRepo1\CG-V-3D-Mechanical-Clock\main_file.cpp(223,15): warning C4244: "inicjowanie": konwersja z "double" do "float", możliwa utrata danych
C:\Users\barte_4a6xoqp\Desktop\Studia\Aktualny semestr\Grafika projekt\Mechanical clock\MechanicalClockRepo1\CG-V-3D-Mechanical-Clock\main_file.cpp(224,15): warning C4244: "inicjowanie": konwersja z "double" do "float", możliwa utrata danych
C:\Users\barte_4a6xoqp\Desktop\Studia\Aktualny semestr\Grafika projekt\Mechanical clock\MechanicalClockRepo1\CG-V-3D-Mechanical-Clock\main_file.cpp(230,15): warning C4244: "return": konwersja z "double" do "float", możliwa utrata danych
C:\Users\barte_4a6xoqp\Desktop\Studia\Aktualny semestr\Grafika projekt\Mechanical clock\MechanicalClockRepo1\CG-V-3D-Mechanical-Clock\main_file.cpp(290,44): warning C4305: "+=": obcięcie z "double" do "float"
C:\Users\barte_4a6xoqp\Desktop\Studia\Aktualny semestr\Grafika projekt\Mechanical clock\MechanicalClockRepo1\CG-V-3D-Mechanical-Clock\main_file.cpp(291,44): warning C4305: "-=": obcięcie z "double" do "float"
C:\Users\barte_4a6xoqp\Desktop\Studia\Aktualny semestr\Grafika projekt\Mechanical clock\MechanicalClockRepo1\CG-V-3D-Mechanical-Clock\main_file.cpp(292,45): warning C4305: "+=": obcięcie z "double" do "float"
C:\Users\barte_4a6xoqp\Desktop\Studia\Aktualny semestr\Grafika projekt\Mechanical clock\MechanicalClockRepo1\CG-V-3D-Mechanical-Clock\main_file.cpp(293,45): warning C4305: "-=": obcięcie z "double" do "float"
C:\Users\barte_4a6xoqp\Desktop\Studia\Aktualny semestr\Grafika projekt\Mechanical clock\MechanicalClockRepo1\CG-V-3D-Mechanical-Clock\main_file.cpp(328,27): warning C4267: "=": konwersja z "size_t" do "int", możliwa utrata danych
C:\Users\barte_4a6xoqp\Desktop\Studia\Aktualny semestr\Grafika projekt\Mechanical clock\MechanicalClockRepo1\CG-V-3D-Mechanical-Clock\main_file.cpp(390,48): warning C4244: "argument": konwersja z "genType" do "float", możliwa utrata danych
C:\Users\barte_4a6xoqp\Desktop\Studia\Aktualny semestr\Grafika projekt\Mechanical clock\MechanicalClockRepo1\CG-V-3D-Mechanical-Clock\main_file.cpp(390,48): warning C4244:         with
C:\Users\barte_4a6xoqp\Desktop\Studia\Aktualny semestr\Grafika projekt\Mechanical clock\MechanicalClockRepo1\CG-V-3D-Mechanical-Clock\main_file.cpp(390,48): warning C4244:         [
C:\Users\barte_4a6xoqp\Desktop\Studia\Aktualny semestr\Grafika projekt\Mechanical clock\MechanicalClockRepo1\CG-V-3D-Mechanical-Clock\main_file.cpp(390,48): warning C4244:             genType=double
C:\Users\barte_4a6xoqp\Desktop\Studia\Aktualny semestr\Grafika projekt\Mechanical clock\MechanicalClockRepo1\CG-V-3D-Mechanical-Clock\main_file.cpp(390,48): warning C4244:         ]
C:\Users\barte_4a6xoqp\Desktop\Studia\Aktualny semestr\Grafika projekt\Mechanical clock\MechanicalClockRepo1\CG-V-3D-Mechanical-Clock\main_file.cpp(403,55): warning C4267: "argument": konwersja z "size_t" do "GLsizei", możliwa utrata danych
C:\Users\barte_4a6xoqp\Desktop\Studia\Aktualny semestr\Grafika projekt\Mechanical clock\MechanicalClockRepo1\CG-V-3D-Mechanical-Clock\main_file.cpp(466,22): warning C4244: "+=": konwersja z "double" do "float", możliwa utrata danych
C:\Users\barte_4a6xoqp\Desktop\Studia\Aktualny semestr\Grafika projekt\Mechanical clock\MechanicalClockRepo1\CG-V-3D-Mechanical-Clock\main_file.cpp(467,22): warning C4244: "+=": konwersja z "double" do "float", możliwa utrata danych
C:\Users\barte_4a6xoqp\Desktop\Studia\Aktualny semestr\Grafika projekt\Mechanical clock\MechanicalClockRepo1\CG-V-3D-Mechanical-Clock\main_file.cpp(469,32): warning C4244: "+=": konwersja z "double" do "float", możliwa utrata danych
C:\Users\barte_4a6xoqp\Desktop\Studia\Aktualny semestr\Grafika projekt\Mechanical clock\MechanicalClockRepo1\CG-V-3D-Mechanical-Clock\main_file.cpp(470,32): warning C4244: "+=": konwersja z "double" do "float", możliwa utrata danych
  Mechanical Clock.vcxproj -> C:\Users\barte_4a6xoqp\Desktop\Studia\Aktualny semestr\Grafika projekt\Mechanical clock\MechanicalClockRepo1\CG-V-3D-Mechanical-Clock\x64\Debug\Mechanical Clock.exe
